<?xml version="1.0" encoding="UTF-8"?>
<!-- Generated by org.testng.reporters.JUnitReportReporter -->
<testsuite hostname="RIS-rxWSpABNOUO" failures="0" tests="1" name="runners.Testrunner" time="8.199" errors="0" timestamp="2024-07-16T15:50:19 IST" skipped="0">
  <testcase classname="runners.Testrunner" name="runScenario" time="8.199"/>
  <system-out/>
</testsuite> <!-- runners.Testrunner -->
