<?xml version="1.0" encoding="UTF-8"?>
<!-- Generated by org.testng.reporters.JUnitReportReporter -->
<testsuite hostname="RIS-rxWSpABNOUO" failures="0" tests="1" name="runners.Testrunner" time="4.096" errors="0" timestamp="2024-07-15T22:39:52 IST" skipped="0">
  <testcase classname="runners.Testrunner" name="runScenario" time="4.096"/>
  <system-out/>
</testsuite> <!-- runners.Testrunner -->
